<?xml version="1.0" encoding="UTF-8"?>
<!-- Generated by org.testng.reporters.JUnitReportReporter -->
<testsuite skipped="0" hostname="TATA" name="firstPackage.ClassOne" tests="1" failures="0" timestamp="12 Sep 2017 19:07:46 GMT" time="0.033" errors="0">
  <testcase name="test1" time="0.033" classname="firstPackage.ClassOne"/>
</testsuite> <!-- firstPackage.ClassOne -->
