<?xml version="1.0" encoding="UTF-8"?>
<!-- Generated by org.testng.reporters.JUnitReportReporter -->
<testsuite skipped="0" hostname="TATA" name="firstPackage.ClassTwo" tests="1" failures="0" timestamp="12 Sep 2017 19:07:55 GMT" time="0.045" errors="0">
  <testcase name="test2" time="0.045" classname="firstPackage.ClassTwo"/>
</testsuite> <!-- firstPackage.ClassTwo -->
